{"C:\\Users\\USUARIO\\Documents\\5_SEMESTRE\\Taller de Diseño de Software I\\isw-213-project1\\Code\\cliente\\servicios\\CarritoServicio.js": {"path":"C:\\Users\\USUARIO\\Documents\\5_SEMESTRE\\Taller de Diseño de Software I\\isw-213-project1\\Code\\cliente\\servicios\\CarritoServicio.js","all":false,"statementMap":{"0":{"start":{"line":1,"column":0},"end":{"line":1,"column":23}},"1":{"start":{"line":2,"column":0},"end":{"line":2,"column":17}},"2":{"start":{"line":3,"column":0},"end":{"line":3,"column":54}},"3":{"start":{"line":4,"column":0},"end":{"line":4,"column":3}},"4":{"start":{"line":5,"column":0},"end":{"line":5,"column":0}},"5":{"start":{"line":6,"column":0},"end":{"line":6,"column":20}},"6":{"start":{"line":7,"column":0},"end":{"line":7,"column":9}},"7":{"start":{"line":8,"column":0},"end":{"line":8,"column":65}},"8":{"start":{"line":9,"column":0},"end":{"line":9,"column":28}},"9":{"start":{"line":10,"column":0},"end":{"line":10,"column":38}},"10":{"start":{"line":11,"column":0},"end":{"line":11,"column":47}},"11":{"start":{"line":12,"column":0},"end":{"line":12,"column":21}},"12":{"start":{"line":13,"column":0},"end":{"line":13,"column":56}},"13":{"start":{"line":14,"column":0},"end":{"line":14,"column":16}},"14":{"start":{"line":15,"column":0},"end":{"line":15,"column":5}},"15":{"start":{"line":16,"column":0},"end":{"line":16,"column":3}},"16":{"start":{"line":17,"column":0},"end":{"line":17,"column":0}},"17":{"start":{"line":18,"column":0},"end":{"line":18,"column":25}},"18":{"start":{"line":19,"column":0},"end":{"line":19,"column":12}},"19":{"start":{"line":20,"column":0},"end":{"line":20,"column":18}},"20":{"start":{"line":21,"column":0},"end":{"line":21,"column":45}},"21":{"start":{"line":22,"column":0},"end":{"line":22,"column":57}},"22":{"start":{"line":23,"column":0},"end":{"line":23,"column":65}},"23":{"start":{"line":24,"column":0},"end":{"line":24,"column":62}},"24":{"start":{"line":25,"column":0},"end":{"line":25,"column":64}},"25":{"start":{"line":26,"column":0},"end":{"line":26,"column":6}},"26":{"start":{"line":27,"column":0},"end":{"line":27,"column":3}},"27":{"start":{"line":28,"column":0},"end":{"line":28,"column":0}},"28":{"start":{"line":29,"column":0},"end":{"line":29,"column":27}},"29":{"start":{"line":30,"column":0},"end":{"line":30,"column":76}},"30":{"start":{"line":31,"column":0},"end":{"line":31,"column":3}},"31":{"start":{"line":32,"column":0},"end":{"line":32,"column":0}},"32":{"start":{"line":33,"column":0},"end":{"line":33,"column":39}},"33":{"start":{"line":34,"column":0},"end":{"line":34,"column":29}},"34":{"start":{"line":35,"column":0},"end":{"line":35,"column":40}},"35":{"start":{"line":36,"column":0},"end":{"line":36,"column":52}},"36":{"start":{"line":37,"column":0},"end":{"line":37,"column":37}},"37":{"start":{"line":38,"column":0},"end":{"line":38,"column":7}},"38":{"start":{"line":39,"column":0},"end":{"line":39,"column":0}},"39":{"start":{"line":40,"column":0},"end":{"line":40,"column":24}},"40":{"start":{"line":41,"column":0},"end":{"line":41,"column":62}},"41":{"start":{"line":42,"column":0},"end":{"line":42,"column":50}},"42":{"start":{"line":43,"column":0},"end":{"line":43,"column":63}},"43":{"start":{"line":44,"column":0},"end":{"line":44,"column":7}},"44":{"start":{"line":45,"column":0},"end":{"line":45,"column":47}},"45":{"start":{"line":46,"column":0},"end":{"line":46,"column":12}},"46":{"start":{"line":47,"column":0},"end":{"line":47,"column":75}},"47":{"start":{"line":48,"column":0},"end":{"line":48,"column":20}},"48":{"start":{"line":49,"column":0},"end":{"line":49,"column":24}},"49":{"start":{"line":50,"column":0},"end":{"line":50,"column":32}},"50":{"start":{"line":51,"column":0},"end":{"line":51,"column":44}},"51":{"start":{"line":52,"column":0},"end":{"line":52,"column":31}},"52":{"start":{"line":53,"column":0},"end":{"line":53,"column":27}},"53":{"start":{"line":54,"column":0},"end":{"line":54,"column":45}},"54":{"start":{"line":55,"column":0},"end":{"line":55,"column":9}},"55":{"start":{"line":56,"column":0},"end":{"line":56,"column":5}},"56":{"start":{"line":57,"column":0},"end":{"line":57,"column":0}},"57":{"start":{"line":58,"column":0},"end":{"line":58,"column":33}},"58":{"start":{"line":59,"column":0},"end":{"line":59,"column":45}},"59":{"start":{"line":60,"column":0},"end":{"line":60,"column":3}},"60":{"start":{"line":61,"column":0},"end":{"line":61,"column":0}},"61":{"start":{"line":62,"column":0},"end":{"line":62,"column":32}},"62":{"start":{"line":63,"column":0},"end":{"line":63,"column":40}},"63":{"start":{"line":64,"column":0},"end":{"line":64,"column":58}},"64":{"start":{"line":65,"column":0},"end":{"line":65,"column":36}},"65":{"start":{"line":66,"column":0},"end":{"line":66,"column":7}},"66":{"start":{"line":67,"column":0},"end":{"line":67,"column":41}},"67":{"start":{"line":68,"column":0},"end":{"line":68,"column":27}},"68":{"start":{"line":69,"column":0},"end":{"line":69,"column":3}},"69":{"start":{"line":70,"column":0},"end":{"line":70,"column":0}},"70":{"start":{"line":71,"column":0},"end":{"line":71,"column":49}},"71":{"start":{"line":72,"column":0},"end":{"line":72,"column":40}},"72":{"start":{"line":73,"column":0},"end":{"line":73,"column":49}},"73":{"start":{"line":74,"column":0},"end":{"line":74,"column":36}},"74":{"start":{"line":75,"column":0},"end":{"line":75,"column":7}},"75":{"start":{"line":76,"column":0},"end":{"line":76,"column":0}},"76":{"start":{"line":77,"column":0},"end":{"line":77,"column":34}},"77":{"start":{"line":78,"column":0},"end":{"line":78,"column":0}},"78":{"start":{"line":79,"column":0},"end":{"line":79,"column":29}},"79":{"start":{"line":80,"column":0},"end":{"line":80,"column":47}},"80":{"start":{"line":81,"column":0},"end":{"line":81,"column":5}},"81":{"start":{"line":82,"column":0},"end":{"line":82,"column":0}},"82":{"start":{"line":83,"column":0},"end":{"line":83,"column":63}},"83":{"start":{"line":84,"column":0},"end":{"line":84,"column":79}},"84":{"start":{"line":85,"column":0},"end":{"line":85,"column":5}},"85":{"start":{"line":86,"column":0},"end":{"line":86,"column":0}},"86":{"start":{"line":87,"column":0},"end":{"line":87,"column":38}},"87":{"start":{"line":88,"column":0},"end":{"line":88,"column":33}},"88":{"start":{"line":89,"column":0},"end":{"line":89,"column":45}},"89":{"start":{"line":90,"column":0},"end":{"line":90,"column":3}},"90":{"start":{"line":91,"column":0},"end":{"line":91,"column":0}},"91":{"start":{"line":92,"column":0},"end":{"line":92,"column":19}},"92":{"start":{"line":93,"column":0},"end":{"line":93,"column":28}},"93":{"start":{"line":94,"column":0},"end":{"line":94,"column":3}},"94":{"start":{"line":95,"column":0},"end":{"line":95,"column":0}},"95":{"start":{"line":96,"column":0},"end":{"line":96,"column":26}},"96":{"start":{"line":97,"column":0},"end":{"line":97,"column":40}},"97":{"start":{"line":98,"column":0},"end":{"line":98,"column":50}},"98":{"start":{"line":99,"column":0},"end":{"line":99,"column":35}},"99":{"start":{"line":100,"column":0},"end":{"line":100,"column":10}},"100":{"start":{"line":101,"column":0},"end":{"line":101,"column":3}},"101":{"start":{"line":102,"column":0},"end":{"line":102,"column":0}},"102":{"start":{"line":103,"column":0},"end":{"line":103,"column":24}},"103":{"start":{"line":104,"column":0},"end":{"line":104,"column":40}},"104":{"start":{"line":105,"column":0},"end":{"line":105,"column":50}},"105":{"start":{"line":106,"column":0},"end":{"line":106,"column":49}},"106":{"start":{"line":107,"column":0},"end":{"line":107,"column":10}},"107":{"start":{"line":108,"column":0},"end":{"line":108,"column":3}},"108":{"start":{"line":109,"column":0},"end":{"line":109,"column":0}},"109":{"start":{"line":110,"column":0},"end":{"line":110,"column":20}},"110":{"start":{"line":111,"column":0},"end":{"line":111,"column":25}},"111":{"start":{"line":112,"column":0},"end":{"line":112,"column":3}},"112":{"start":{"line":113,"column":0},"end":{"line":113,"column":1}},"113":{"start":{"line":114,"column":0},"end":{"line":114,"column":0}},"114":{"start":{"line":115,"column":0},"end":{"line":115,"column":31}}},"s":{"0":1,"1":1,"2":19,"3":19,"4":1,"5":1,"6":29,"7":29,"8":29,"9":15,"10":15,"11":29,"12":1,"13":1,"14":1,"15":29,"16":1,"17":1,"18":15,"19":15,"20":15,"21":15,"22":15,"23":15,"24":15,"25":15,"26":15,"27":1,"28":1,"29":20,"30":20,"31":1,"32":1,"33":18,"34":18,"35":18,"36":4,"37":18,"38":18,"39":18,"40":2,"41":2,"42":1,"43":1,"44":1,"45":18,"46":16,"47":16,"48":16,"49":16,"50":16,"51":16,"52":16,"53":16,"54":16,"55":16,"56":17,"57":17,"58":17,"59":18,"60":1,"61":1,"62":1,"63":1,"64":1,"65":1,"66":1,"67":1,"68":1,"69":1,"70":1,"71":4,"72":4,"73":4,"74":4,"75":4,"76":4,"77":3,"78":4,"79":1,"80":1,"81":2,"82":4,"83":1,"84":1,"85":1,"86":1,"87":1,"88":1,"89":4,"90":1,"91":1,"92":1,"93":1,"94":1,"95":1,"96":2,"97":2,"98":2,"99":2,"100":2,"101":1,"102":1,"103":1,"104":1,"105":2,"106":1,"107":1,"108":1,"109":1,"110":1,"111":1,"112":1,"113":1,"114":1},"branchMap":{"0":{"type":"branch","line":2,"loc":{"start":{"line":2,"column":2},"end":{"line":4,"column":3}},"locations":[{"start":{"line":2,"column":2},"end":{"line":4,"column":3}}]},"1":{"type":"branch","line":6,"loc":{"start":{"line":6,"column":2},"end":{"line":16,"column":3}},"locations":[{"start":{"line":6,"column":2},"end":{"line":16,"column":3}}]},"2":{"type":"branch","line":9,"loc":{"start":{"line":9,"column":18},"end":{"line":12,"column":6}},"locations":[{"start":{"line":9,"column":18},"end":{"line":12,"column":6}}]},"3":{"type":"branch","line":9,"loc":{"start":{"line":9,"column":18},"end":{"line":9,"column":28}},"locations":[{"start":{"line":9,"column":18},"end":{"line":9,"column":28}}]},"4":{"type":"branch","line":10,"loc":{"start":{"line":10,"column":-2},"end":{"line":12,"column":6}},"locations":[{"start":{"line":10,"column":-2},"end":{"line":12,"column":6}}]},"5":{"type":"branch","line":12,"loc":{"start":{"line":12,"column":6},"end":{"line":15,"column":5}},"locations":[{"start":{"line":12,"column":6},"end":{"line":15,"column":5}}]},"6":{"type":"branch","line":18,"loc":{"start":{"line":18,"column":2},"end":{"line":27,"column":3}},"locations":[{"start":{"line":18,"column":2},"end":{"line":27,"column":3}}]},"7":{"type":"branch","line":21,"loc":{"start":{"line":21,"column":26},"end":{"line":21,"column":38}},"locations":[{"start":{"line":21,"column":26},"end":{"line":21,"column":38}}]},"8":{"type":"branch","line":21,"loc":{"start":{"line":21,"column":39},"end":{"line":21,"column":44}},"locations":[{"start":{"line":21,"column":39},"end":{"line":21,"column":44}}]},"9":{"type":"branch","line":22,"loc":{"start":{"line":22,"column":37},"end":{"line":22,"column":50}},"locations":[{"start":{"line":22,"column":37},"end":{"line":22,"column":50}}]},"10":{"type":"branch","line":22,"loc":{"start":{"line":22,"column":51},"end":{"line":22,"column":55}},"locations":[{"start":{"line":22,"column":51},"end":{"line":22,"column":55}}]},"11":{"type":"branch","line":24,"loc":{"start":{"line":24,"column":39},"end":{"line":24,"column":55}},"locations":[{"start":{"line":24,"column":39},"end":{"line":24,"column":55}}]},"12":{"type":"branch","line":24,"loc":{"start":{"line":24,"column":56},"end":{"line":24,"column":60}},"locations":[{"start":{"line":24,"column":56},"end":{"line":24,"column":60}}]},"13":{"type":"branch","line":25,"loc":{"start":{"line":25,"column":33},"end":{"line":25,"column":57}},"locations":[{"start":{"line":25,"column":33},"end":{"line":25,"column":57}}]},"14":{"type":"branch","line":25,"loc":{"start":{"line":25,"column":58},"end":{"line":25,"column":62}},"locations":[{"start":{"line":25,"column":58},"end":{"line":25,"column":62}}]},"15":{"type":"branch","line":29,"loc":{"start":{"line":29,"column":2},"end":{"line":31,"column":3}},"locations":[{"start":{"line":29,"column":2},"end":{"line":31,"column":3}}]},"16":{"type":"branch","line":33,"loc":{"start":{"line":33,"column":2},"end":{"line":60,"column":3}},"locations":[{"start":{"line":33,"column":2},"end":{"line":60,"column":3}}]},"17":{"type":"branch","line":34,"loc":{"start":{"line":34,"column":24},"end":{"line":34,"column":28}},"locations":[{"start":{"line":34,"column":24},"end":{"line":34,"column":28}}]},"18":{"type":"branch","line":40,"loc":{"start":{"line":40,"column":23},"end":{"line":46,"column":5}},"locations":[{"start":{"line":40,"column":23},"end":{"line":46,"column":5}}]},"19":{"type":"branch","line":42,"loc":{"start":{"line":42,"column":49},"end":{"line":46,"column":5}},"locations":[{"start":{"line":42,"column":49},"end":{"line":46,"column":5}}]},"20":{"type":"branch","line":46,"loc":{"start":{"line":46,"column":5},"end":{"line":56,"column":5}},"locations":[{"start":{"line":46,"column":5},"end":{"line":56,"column":5}}]},"21":{"type":"branch","line":47,"loc":{"start":{"line":47,"column":43},"end":{"line":47,"column":68}},"locations":[{"start":{"line":47,"column":43},"end":{"line":47,"column":68}}]},"22":{"type":"branch","line":47,"loc":{"start":{"line":47,"column":63},"end":{"line":47,"column":68}},"locations":[{"start":{"line":47,"column":63},"end":{"line":47,"column":68}}]},"23":{"type":"branch","line":47,"loc":{"start":{"line":47,"column":69},"end":{"line":47,"column":74}},"locations":[{"start":{"line":47,"column":69},"end":{"line":47,"column":74}}]},"24":{"type":"branch","line":54,"loc":{"start":{"line":54,"column":39},"end":{"line":54,"column":43}},"locations":[{"start":{"line":54,"column":39},"end":{"line":54,"column":43}}]},"25":{"type":"branch","line":57,"loc":{"start":{"line":57,"column":-2},"end":{"line":60,"column":2}},"locations":[{"start":{"line":57,"column":-2},"end":{"line":60,"column":2}}]},"26":{"type":"branch","line":36,"loc":{"start":{"line":36,"column":35},"end":{"line":38,"column":5}},"locations":[{"start":{"line":36,"column":35},"end":{"line":38,"column":5}}]},"27":{"type":"branch","line":62,"loc":{"start":{"line":62,"column":2},"end":{"line":69,"column":3}},"locations":[{"start":{"line":62,"column":2},"end":{"line":69,"column":3}}]},"28":{"type":"branch","line":64,"loc":{"start":{"line":64,"column":41},"end":{"line":66,"column":5}},"locations":[{"start":{"line":64,"column":41},"end":{"line":66,"column":5}}]},"29":{"type":"branch","line":71,"loc":{"start":{"line":71,"column":2},"end":{"line":90,"column":3}},"locations":[{"start":{"line":71,"column":2},"end":{"line":90,"column":3}}]},"30":{"type":"branch","line":77,"loc":{"start":{"line":77,"column":19},"end":{"line":77,"column":34}},"locations":[{"start":{"line":77,"column":19},"end":{"line":77,"column":34}}]},"31":{"type":"branch","line":78,"loc":{"start":{"line":78,"column":-2},"end":{"line":79,"column":28}},"locations":[{"start":{"line":78,"column":-2},"end":{"line":79,"column":28}}]},"32":{"type":"branch","line":79,"loc":{"start":{"line":79,"column":28},"end":{"line":83,"column":39}},"locations":[{"start":{"line":79,"column":28},"end":{"line":83,"column":39}}]},"33":{"type":"branch","line":79,"loc":{"start":{"line":79,"column":28},"end":{"line":81,"column":5}},"locations":[{"start":{"line":79,"column":28},"end":{"line":81,"column":5}}]},"34":{"type":"branch","line":83,"loc":{"start":{"line":83,"column":39},"end":{"line":83,"column":60}},"locations":[{"start":{"line":83,"column":39},"end":{"line":83,"column":60}}]},"35":{"type":"branch","line":83,"loc":{"start":{"line":83,"column":62},"end":{"line":90,"column":2}},"locations":[{"start":{"line":83,"column":62},"end":{"line":90,"column":2}}]},"36":{"type":"branch","line":73,"loc":{"start":{"line":73,"column":32},"end":{"line":75,"column":5}},"locations":[{"start":{"line":73,"column":32},"end":{"line":75,"column":5}}]},"37":{"type":"branch","line":92,"loc":{"start":{"line":92,"column":2},"end":{"line":94,"column":3}},"locations":[{"start":{"line":92,"column":2},"end":{"line":94,"column":3}}]},"38":{"type":"branch","line":96,"loc":{"start":{"line":96,"column":2},"end":{"line":101,"column":3}},"locations":[{"start":{"line":96,"column":2},"end":{"line":101,"column":3}}]},"39":{"type":"branch","line":98,"loc":{"start":{"line":98,"column":26},"end":{"line":100,"column":5}},"locations":[{"start":{"line":98,"column":26},"end":{"line":100,"column":5}}]},"40":{"type":"branch","line":103,"loc":{"start":{"line":103,"column":2},"end":{"line":108,"column":3}},"locations":[{"start":{"line":103,"column":2},"end":{"line":108,"column":3}}]},"41":{"type":"branch","line":105,"loc":{"start":{"line":105,"column":26},"end":{"line":107,"column":5}},"locations":[{"start":{"line":105,"column":26},"end":{"line":107,"column":5}}]},"42":{"type":"branch","line":110,"loc":{"start":{"line":110,"column":2},"end":{"line":112,"column":3}},"locations":[{"start":{"line":110,"column":2},"end":{"line":112,"column":3}}]}},"b":{"0":[19],"1":[29],"2":[27],"3":[14],"4":[15],"5":[1],"6":[15],"7":[2],"8":[1],"9":[2],"10":[1],"11":[2],"12":[1],"13":[2],"14":[1],"15":[20],"16":[18],"17":[1],"18":[2],"19":[1],"20":[16],"21":[15],"22":[1],"23":[14],"24":[1],"25":[17],"26":[4],"27":[1],"28":[1],"29":[4],"30":[1],"31":[3],"32":[2],"33":[1],"34":[1],"35":[1],"36":[4],"37":[1],"38":[2],"39":[2],"40":[1],"41":[2],"42":[1]},"fnMap":{"0":{"name":"CarritoServicio","decl":{"start":{"line":2,"column":2},"end":{"line":4,"column":3}},"loc":{"start":{"line":2,"column":2},"end":{"line":4,"column":3}},"line":2},"1":{"name":"obtenerCarrito","decl":{"start":{"line":6,"column":2},"end":{"line":16,"column":3}},"loc":{"start":{"line":6,"column":2},"end":{"line":16,"column":3}},"line":6},"2":{"name":"_normalizarItem","decl":{"start":{"line":18,"column":2},"end":{"line":27,"column":3}},"loc":{"start":{"line":18,"column":2},"end":{"line":27,"column":3}},"line":18},"3":{"name":"guardarCarrito","decl":{"start":{"line":29,"column":2},"end":{"line":31,"column":3}},"loc":{"start":{"line":29,"column":2},"end":{"line":31,"column":3}},"line":29},"4":{"name":"agregarProducto","decl":{"start":{"line":33,"column":2},"end":{"line":60,"column":3}},"loc":{"start":{"line":33,"column":2},"end":{"line":60,"column":3}},"line":33},"5":{"name":"eliminarProducto","decl":{"start":{"line":62,"column":2},"end":{"line":69,"column":3}},"loc":{"start":{"line":62,"column":2},"end":{"line":69,"column":3}},"line":62},"6":{"name":"actualizarCantidad","decl":{"start":{"line":71,"column":2},"end":{"line":90,"column":3}},"loc":{"start":{"line":71,"column":2},"end":{"line":90,"column":3}},"line":71},"7":{"name":"vaciarCarrito","decl":{"start":{"line":92,"column":2},"end":{"line":94,"column":3}},"loc":{"start":{"line":92,"column":2},"end":{"line":94,"column":3}},"line":92},"8":{"name":"obtenerCantidadTotal","decl":{"start":{"line":96,"column":2},"end":{"line":101,"column":3}},"loc":{"start":{"line":96,"column":2},"end":{"line":101,"column":3}},"line":96},"9":{"name":"obtenerPrecioTotal","decl":{"start":{"line":103,"column":2},"end":{"line":108,"column":3}},"loc":{"start":{"line":103,"column":2},"end":{"line":108,"column":3}},"line":103},"10":{"name":"limpiarCarrito","decl":{"start":{"line":110,"column":2},"end":{"line":112,"column":3}},"loc":{"start":{"line":110,"column":2},"end":{"line":112,"column":3}},"line":110}},"f":{"0":19,"1":29,"2":15,"3":20,"4":18,"5":1,"6":4,"7":1,"8":2,"9":1,"10":1}}
,"C:\\Users\\USUARIO\\Documents\\5_SEMESTRE\\Taller de Diseño de Software I\\isw-213-project1\\Code\\cliente\\utilidades\\CalculadorPrecio.js": {"path":"C:\\Users\\USUARIO\\Documents\\5_SEMESTRE\\Taller de Diseño de Software I\\isw-213-project1\\Code\\cliente\\utilidades\\CalculadorPrecio.js","all":false,"statementMap":{"0":{"start":{"line":1,"column":0},"end":{"line":1,"column":24}},"1":{"start":{"line":2,"column":0},"end":{"line":2,"column":52}},"2":{"start":{"line":3,"column":0},"end":{"line":3,"column":46}},"3":{"start":{"line":4,"column":0},"end":{"line":4,"column":3}},"4":{"start":{"line":5,"column":0},"end":{"line":5,"column":0}},"5":{"start":{"line":6,"column":0},"end":{"line":6,"column":34}},"6":{"start":{"line":7,"column":0},"end":{"line":7,"column":46}},"7":{"start":{"line":8,"column":0},"end":{"line":8,"column":3}},"8":{"start":{"line":9,"column":0},"end":{"line":9,"column":0}},"9":{"start":{"line":10,"column":0},"end":{"line":10,"column":45}},"10":{"start":{"line":11,"column":0},"end":{"line":11,"column":74}},"11":{"start":{"line":12,"column":0},"end":{"line":12,"column":3}},"12":{"start":{"line":13,"column":0},"end":{"line":13,"column":1}},"13":{"start":{"line":14,"column":0},"end":{"line":14,"column":0}},"14":{"start":{"line":15,"column":0},"end":{"line":15,"column":32}}},"s":{"0":1,"1":1,"2":2,"3":2,"4":1,"5":1,"6":2,"7":2,"8":1,"9":1,"10":2,"11":2,"12":1,"13":1,"14":1},"branchMap":{"0":{"type":"branch","line":2,"loc":{"start":{"line":2,"column":9},"end":{"line":4,"column":3}},"locations":[{"start":{"line":2,"column":9},"end":{"line":4,"column":3}}]},"1":{"type":"branch","line":6,"loc":{"start":{"line":6,"column":9},"end":{"line":8,"column":3}},"locations":[{"start":{"line":6,"column":9},"end":{"line":8,"column":3}}]},"2":{"type":"branch","line":7,"loc":{"start":{"line":7,"column":29},"end":{"line":7,"column":33}},"locations":[{"start":{"line":7,"column":29},"end":{"line":7,"column":33}}]},"3":{"type":"branch","line":10,"loc":{"start":{"line":10,"column":9},"end":{"line":12,"column":3}},"locations":[{"start":{"line":10,"column":9},"end":{"line":12,"column":3}}]},"4":{"type":"branch","line":11,"loc":{"start":{"line":11,"column":30},"end":{"line":11,"column":34}},"locations":[{"start":{"line":11,"column":30},"end":{"line":11,"column":34}}]},"5":{"type":"branch","line":11,"loc":{"start":{"line":11,"column":56},"end":{"line":11,"column":60}},"locations":[{"start":{"line":11,"column":56},"end":{"line":11,"column":60}}]}},"b":{"0":[2],"1":[2],"2":[1],"3":[2],"4":[1],"5":[1]},"fnMap":{"0":{"name":"calcularCuotas","decl":{"start":{"line":2,"column":9},"end":{"line":4,"column":3}},"loc":{"start":{"line":2,"column":9},"end":{"line":4,"column":3}},"line":2},"1":{"name":"formatearPrecio","decl":{"start":{"line":6,"column":9},"end":{"line":8,"column":3}},"loc":{"start":{"line":6,"column":9},"end":{"line":8,"column":3}},"line":6},"2":{"name":"calcularSubtotal","decl":{"start":{"line":10,"column":9},"end":{"line":12,"column":3}},"loc":{"start":{"line":10,"column":9},"end":{"line":12,"column":3}},"line":10}},"f":{"0":2,"1":2,"2":2}}
}
