TN:
SF:cliente\servicios\CarritoServicio.js
FN:2,CarritoServicio
FN:6,obtenerCarrito
FN:18,_normalizarItem
FN:29,guardarCarrito
FN:33,agregarProducto
FN:62,eliminarProducto
FN:71,actualizarCantidad
FN:92,vaciarCarrito
FN:96,obtenerCantidadTotal
FN:103,obtenerPrecioTotal
FN:110,limpiarCarrito
FNF:11
FNH:11
FNDA:19,CarritoServicio
FNDA:29,obtenerCarrito
FNDA:15,_normalizarItem
FNDA:20,guardarCarrito
FNDA:18,agregarProducto
FNDA:1,eliminarProducto
FNDA:4,actualizarCantidad
FNDA:1,vaciarCarrito
FNDA:2,obtenerCantidadTotal
FNDA:1,obtenerPrecioTotal
FNDA:1,limpiarCarrito
DA:1,1
DA:2,1
DA:3,19
DA:4,19
DA:5,1
DA:6,1
DA:7,29
DA:8,29
DA:9,29
DA:10,15
DA:11,15
DA:12,29
DA:13,1
DA:14,1
DA:15,1
DA:16,29
DA:17,1
DA:18,1
DA:19,15
DA:20,15
DA:21,15
DA:22,15
DA:23,15
DA:24,15
DA:25,15
DA:26,15
DA:27,15
DA:28,1
DA:29,1
DA:30,20
DA:31,20
DA:32,1
DA:33,1
DA:34,18
DA:35,18
DA:36,18
DA:37,4
DA:38,18
DA:39,18
DA:40,18
DA:41,2
DA:42,2
DA:43,1
DA:44,1
DA:45,1
DA:46,18
DA:47,16
DA:48,16
DA:49,16
DA:50,16
DA:51,16
DA:52,16
DA:53,16
DA:54,16
DA:55,16
DA:56,16
DA:57,17
DA:58,17
DA:59,17
DA:60,18
DA:61,1
DA:62,1
DA:63,1
DA:64,1
DA:65,1
DA:66,1
DA:67,1
DA:68,1
DA:69,1
DA:70,1
DA:71,1
DA:72,4
DA:73,4
DA:74,4
DA:75,4
DA:76,4
DA:77,4
DA:78,3
DA:79,4
DA:80,1
DA:81,1
DA:82,2
DA:83,4
DA:84,1
DA:85,1
DA:86,1
DA:87,1
DA:88,1
DA:89,1
DA:90,4
DA:91,1
DA:92,1
DA:93,1
DA:94,1
DA:95,1
DA:96,1
DA:97,2
DA:98,2
DA:99,2
DA:100,2
DA:101,2
DA:102,1
DA:103,1
DA:104,1
DA:105,1
DA:106,2
DA:107,1
DA:108,1
DA:109,1
DA:110,1
DA:111,1
DA:112,1
DA:113,1
DA:114,1
DA:115,1
LF:115
LH:115
BRDA:2,0,0,19
BRDA:6,1,0,29
BRDA:9,2,0,27
BRDA:9,3,0,14
BRDA:10,4,0,15
BRDA:12,5,0,1
BRDA:18,6,0,15
BRDA:21,7,0,2
BRDA:21,8,0,1
BRDA:22,9,0,2
BRDA:22,10,0,1
BRDA:24,11,0,2
BRDA:24,12,0,1
BRDA:25,13,0,2
BRDA:25,14,0,1
BRDA:29,15,0,20
BRDA:33,16,0,18
BRDA:34,17,0,1
BRDA:40,18,0,2
BRDA:42,19,0,1
BRDA:46,20,0,16
BRDA:47,21,0,15
BRDA:47,22,0,1
BRDA:47,23,0,14
BRDA:54,24,0,1
BRDA:57,25,0,17
BRDA:36,26,0,4
BRDA:62,27,0,1
BRDA:64,28,0,1
BRDA:71,29,0,4
BRDA:77,30,0,1
BRDA:78,31,0,3
BRDA:79,32,0,2
BRDA:79,33,0,1
BRDA:83,34,0,1
BRDA:83,35,0,1
BRDA:73,36,0,4
BRDA:92,37,0,1
BRDA:96,38,0,2
BRDA:98,39,0,2
BRDA:103,40,0,1
BRDA:105,41,0,2
BRDA:110,42,0,1
BRF:43
BRH:43
end_of_record
TN:
SF:cliente\utilidades\CalculadorPrecio.js
FN:2,calcularCuotas
FN:6,formatearPrecio
FN:10,calcularSubtotal
FNF:3
FNH:3
FNDA:2,calcularCuotas
FNDA:2,formatearPrecio
FNDA:2,calcularSubtotal
DA:1,1
DA:2,1
DA:3,2
DA:4,2
DA:5,1
DA:6,1
DA:7,2
DA:8,2
DA:9,1
DA:10,1
DA:11,2
DA:12,2
DA:13,1
DA:14,1
DA:15,1
LF:15
LH:15
BRDA:2,0,0,2
BRDA:6,1,0,2
BRDA:7,2,0,1
BRDA:10,3,0,2
BRDA:11,4,0,1
BRDA:11,5,0,1
BRF:6
BRH:6
end_of_record
